2026-02-16 19:05:40 | INFO     | TradingBot | setup:84 | ================================================================================
2026-02-16 19:05:40 | INFO     | TradingBot | setup:85 | Sistema de Logging Inicializado
2026-02-16 19:05:40 | INFO     | TradingBot | setup:86 | ================================================================================
2026-02-16 19:05:40 | INFO     | TradingBot | initialize:84 | Conectando ao MetaTrader 5...
2026-02-16 19:05:46 | INFO     | TradingBot | connect:160 | ================================================================================
2026-02-16 19:05:46 | INFO     | TradingBot | connect:161 | Conectado ao MT5 com sucesso!
2026-02-16 19:05:46 | INFO     | TradingBot | connect:162 | Conta: 5046661606 | Servidor: MetaQuotes-Demo
2026-02-16 19:05:46 | INFO     | TradingBot | connect:163 | Saldo: 99128.72 | Equity: 99128.72
2026-02-16 19:05:46 | INFO     | TradingBot | connect:164 | Margem Livre: 99128.72
2026-02-16 19:05:46 | INFO     | TradingBot | connect:165 | AlgoTrading: HABILITADO
2026-02-16 19:05:46 | INFO     | TradingBot | connect:166 | ================================================================================
2026-02-16 19:05:46 | INFO     | TradingBot | initialize:99 | Inicializando Market Data Handler...
2026-02-16 19:05:46 | INFO     | TradingBot | __init__:47 | MarketDataHandler inicializado para 3 símbolos
2026-02-16 19:05:46 | INFO     | TradingBot | initialize_buffers:85 | Inicializando buffers de dados históricos...
2026-02-16 19:05:47 | INFO     | TradingBot | _load_historical_data:127 | Carregados 1000 candles para EURUSD (2026-02-02 14:15:00 até 2026-02-17 00:00:00)
2026-02-16 19:05:47 | INFO     | TradingBot | _load_historical_data:127 | Carregados 1000 candles para GBPUSD (2026-02-02 14:15:00 até 2026-02-17 00:00:00)
2026-02-16 19:05:48 | INFO     | TradingBot | _load_historical_data:127 | Carregados 1000 candles para USDJPY (2026-02-02 14:15:00 até 2026-02-17 00:00:00)
2026-02-16 19:05:48 | INFO     | TradingBot | initialize_buffers:92 | Buffers inicializados: 3/3 símbolos
2026-02-16 19:05:48 | INFO     | TradingBot | initialize:112 | Inicializando Estratégia...
2026-02-16 19:05:48 | INFO     | TradingBot | __init__:90 | Estratégia 'ATR Trend Follower' criada com parâmetros: {'ema_period': 200, 'rsi_period': 14, 'rsi_oversold': 30, 'rsi_overbought': 70, 'atr_period': 14, 'atr_multiplier_stop': 2.0, 'atr_multiplier_target': 3.0, 'min_bars': 250}
2026-02-16 19:05:48 | INFO     | TradingBot | initialize:54 | Inicializando ATR Trend Follower
2026-02-16 19:05:48 | INFO     | TradingBot | initialize:55 | EMA: 200 | RSI: 14
2026-02-16 19:05:48 | INFO     | TradingBot | initialize:56 | RSI Oversold/Overbought: 30/70
2026-02-16 19:05:48 | INFO     | TradingBot | initialize:57 | ATR Period: 14 | Multipliers: 2.0/3.0
2026-02-16 19:05:48 | INFO     | TradingBot | initialize:121 | Inicializando Order Manager...
2026-02-16 19:05:48 | INFO     | TradingBot | __init__:90 | OrderManager inicializado (Magic: 234567, Deviation: 20)
2026-02-16 19:05:48 | INFO     | TradingBot | initialize:128 | Inicializando Risk Manager...
2026-02-16 19:05:48 | INFO     | TradingBot | __init__:56 | ================================================================================
2026-02-16 19:05:48 | INFO     | TradingBot | __init__:57 | Risk Manager Inicializado
2026-02-16 19:05:48 | INFO     | TradingBot | __init__:58 | Risco por Trade: 1.0%
2026-02-16 19:05:48 | INFO     | TradingBot | __init__:59 | Drawdown Diário Máximo: 3.0%
2026-02-16 19:05:48 | INFO     | TradingBot | __init__:60 | Tamanho Posição: 0.01 - 1.0 lotes
2026-02-16 19:05:48 | INFO     | TradingBot | __init__:61 | Max Posições: 3
2026-02-16 19:05:48 | INFO     | TradingBot | __init__:62 | Sizing Dinâmico: ATIVO
2026-02-16 19:05:48 | INFO     | TradingBot | __init__:63 | ================================================================================
2026-02-16 19:05:48 | INFO     | TradingBot | initialize:81 | Saldo inicial do dia: $99,128.72
2026-02-16 19:05:48 | INFO     | TradingBot | initialize:143 | ================================================================================
2026-02-16 19:05:48 | INFO     | TradingBot | initialize:144 | SISTEMA INICIALIZADO COM SUCESSO!
2026-02-16 19:05:48 | INFO     | TradingBot | initialize:145 | ================================================================================
2026-02-16 19:06:02 | INFO     | TradingBot | _signal_handler:306 | Sinal 2 recebido, encerrando...
2026-02-16 19:06:24 | INFO     | TradingBot | _signal_handler:306 | Sinal 2 recebido, encerrando...
